
WARNING: apt does not have a stable CLI interface. Use with caution in scripts.

Hit:1 http://deb.debian.org/debian bookworm InRelease
Hit:2 http://security.debian.org/debian-security bookworm-security InRelease
Hit:3 http://deb.debian.org/debian bookworm-updates InRelease
Hit:4 https://brave-browser-apt-release.s3.brave.com stable InRelease
Reading package lists...
Building dependency tree...
Reading state information...
All packages are up to date.

WARNING: apt does not have a stable CLI interface. Use with caution in scripts.


WARNING: apt does not have a stable CLI interface. Use with caution in scripts.


WARNING: apt does not have a stable CLI interface. Use with caution in scripts.


WARNING: apt does not have a stable CLI interface. Use with caution in scripts.

Reading package lists...Reading package lists...

Building dependency tree...Building dependency tree...

Reading state information...Reading state information...

Calculating upgrade...
Hit:1 http://deb.debian.org/debian bookworm InRelease
Hit:2 http://security.debian.org/debian-security bookworm-security InRelease
Hit:3 http://deb.debian.org/debian bookworm-updates InRelease
0 upgraded, 0 newly installed, 0 to remove and 0 not upgraded.
Hit:4 https://brave-browser-apt-release.s3.brave.com stable InRelease
Reading package lists...
Building dependency tree...
Reading state information...
All packages are up to date.
Successfully updated cache.
Waiting for cache lock: Could not get lock /var/lib/dpkg/lock-frontend. It is held by process 86678 (apt)...
Reading package lists...
Building dependency tree...
Reading state information...
0 upgraded, 0 newly installed, 0 to remove and 0 not upgraded.
